<?xml version="1.0" encoding="UTF-8"?>
<!-- Generated by org.testng.reporters.JUnitXMLReporter -->
<testsuite hostname="Akash-Badnale" ignored="0" name="com.ab.TestNextGeneration.asciiAndcharInterConversion" tests="24" failures="0" timestamp="20 Jul 2018 11:02:23 GMT" time="0.125" errors="0">
  <testcase name="asciiToCharTest" time="0.016" classname="com.ab.TestNextGeneration.asciiAndcharInterConversion.CharAsciiConversionTest"/>
  <testcase name="asciiToCharTest" time="0.0" classname="com.ab.TestNextGeneration.asciiAndcharInterConversion.CharAsciiConversionTest"/>
  <testcase name="asciiToCharTest" time="0.0" classname="com.ab.TestNextGeneration.asciiAndcharInterConversion.CharAsciiConversionTest"/>
  <testcase name="asciiToCharTest" time="0.0" classname="com.ab.TestNextGeneration.asciiAndcharInterConversion.CharAsciiConversionTest"/>
  <testcase name="asciiToCharTest" time="0.016" classname="com.ab.TestNextGeneration.asciiAndcharInterConversion.CharAsciiConversionTest"/>
  <testcase name="asciiToCharTest" time="0.0" classname="com.ab.TestNextGeneration.asciiAndcharInterConversion.CharAsciiConversionTest"/>
  <testcase name="asciiToCharTest" time="0.0" classname="com.ab.TestNextGeneration.asciiAndcharInterConversion.CharAsciiConversionTest"/>
  <testcase name="asciiToCharTest" time="0.0" classname="com.ab.TestNextGeneration.asciiAndcharInterConversion.CharAsciiConversionTest"/>
  <testcase name="asciiToCharTest" time="0.0" classname="com.ab.TestNextGeneration.asciiAndcharInterConversion.CharAsciiConversionTest"/>
  <testcase name="asciiToCharTest" time="0.0" classname="com.ab.TestNextGeneration.asciiAndcharInterConversion.CharAsciiConversionTest"/>
  <testcase name="asciiToCharTest" time="0.0" classname="com.ab.TestNextGeneration.asciiAndcharInterConversion.CharAsciiConversionTest"/>
  <testcase name="asciiToCharTest" time="0.0" classname="com.ab.TestNextGeneration.asciiAndcharInterConversion.CharAsciiConversionTest"/>
  <testcase name="charToAsciiTest" time="0.0" classname="com.ab.TestNextGeneration.asciiAndcharInterConversion.CharAsciiConversionTest"/>
  <testcase name="charToAsciiTest" time="0.0" classname="com.ab.TestNextGeneration.asciiAndcharInterConversion.CharAsciiConversionTest"/>
  <testcase name="charToAsciiTest" time="0.0" classname="com.ab.TestNextGeneration.asciiAndcharInterConversion.CharAsciiConversionTest"/>
  <testcase name="charToAsciiTest" time="0.0" classname="com.ab.TestNextGeneration.asciiAndcharInterConversion.CharAsciiConversionTest"/>
  <testcase name="charToAsciiTest" time="0.0" classname="com.ab.TestNextGeneration.asciiAndcharInterConversion.CharAsciiConversionTest"/>
  <testcase name="charToAsciiTest" time="0.0" classname="com.ab.TestNextGeneration.asciiAndcharInterConversion.CharAsciiConversionTest"/>
  <testcase name="charToAsciiTest" time="0.0" classname="com.ab.TestNextGeneration.asciiAndcharInterConversion.CharAsciiConversionTest"/>
  <testcase name="charToAsciiTest" time="0.0" classname="com.ab.TestNextGeneration.asciiAndcharInterConversion.CharAsciiConversionTest"/>
  <testcase name="charToAsciiTest" time="0.0" classname="com.ab.TestNextGeneration.asciiAndcharInterConversion.CharAsciiConversionTest"/>
  <testcase name="charToAsciiTest" time="0.0" classname="com.ab.TestNextGeneration.asciiAndcharInterConversion.CharAsciiConversionTest"/>
  <testcase name="charToAsciiTest" time="0.0" classname="com.ab.TestNextGeneration.asciiAndcharInterConversion.CharAsciiConversionTest"/>
  <testcase name="charToAsciiTest" time="0.0" classname="com.ab.TestNextGeneration.asciiAndcharInterConversion.CharAsciiConversionTest"/>
</testsuite> <!-- com.ab.TestNextGeneration.asciiAndcharInterConversion -->
