<?xml version="1.0" encoding="UTF-8"?>
<!-- Generated by org.testng.reporters.JUnitXMLReporter -->
<testsuite hostname="Akash-Badnale" ignored="6" name="GRP-substraction" tests="10" failures="0" timestamp="20 Jul 2018 10:40:49 GMT" time="0.063" errors="0">
  <testcase name="substractMethodTest" time="0.0" classname="com.ab.TestNextGeneration.CalculatorTest"/>
  <testcase name="substractMethodTest" time="0.016" classname="com.ab.TestNextGeneration.CalculatorTest"/>
  <testcase name="substractMethodTest" time="0.0" classname="com.ab.TestNextGeneration.CalculatorTest"/>
  <testcase name="substractMethodTest" time="0.0" classname="com.ab.TestNextGeneration.CalculatorTest"/>
  <testcase name="substractMethodTest2" time="0.0" classname="com.ab.TestNextGeneration.CalculatorTest"/>
  <testcase name="substractMethodTest2" time="0.0" classname="com.ab.TestNextGeneration.CalculatorTest"/>
  <testcase name="substractMethodTest3" time="0.0" classname="com.ab.TestNextGeneration.CalculatorTest"/>
  <testcase name="substractMethodTest3" time="0.016" classname="com.ab.TestNextGeneration.CalculatorTest"/>
  <testcase name="substractMethodTest4" time="0.0" classname="com.ab.TestNextGeneration.CalculatorTest"/>
  <testcase name="substractMethodTest4" time="0.0" classname="com.ab.TestNextGeneration.CalculatorTest"/>
  <testcase name="multiplyMethodTest" time="0.0" classname="com.ab.TestNextGeneration.CalculatorTest">
    <ignored/>
  </testcase> <!-- multiplyMethodTest -->
  <testcase name="addMethodTest" time="0.0" classname="com.ab.TestNextGeneration.CalculatorTest">
    <ignored/>
  </testcase> <!-- addMethodTest -->
  <testcase name="addMethodTest2" time="0.0" classname="com.ab.TestNextGeneration.CalculatorTest">
    <ignored/>
  </testcase> <!-- addMethodTest2 -->
  <testcase name="addMethodTest3" time="0.0" classname="com.ab.TestNextGeneration.CalculatorTest">
    <ignored/>
  </testcase> <!-- addMethodTest3 -->
  <testcase name="addMethodTest3" time="0.0" classname="com.ab.TestNextGeneration.CalculatorTest">
    <ignored/>
  </testcase> <!-- addMethodTest3 -->
  <testcase name="divisionMethodTest" time="0.0" classname="com.ab.TestNextGeneration.CalculatorTest">
    <ignored/>
  </testcase> <!-- divisionMethodTest -->
</testsuite> <!-- GRP-substraction -->
