<?xml version="1.0" encoding="UTF-8"?>
<!-- Generated by org.testng.reporters.JUnitXMLReporter -->
<testsuite hostname="Akash-Badnale" ignored="1" name="GRP-char2ascii" tests="12" failures="0" timestamp="20 Jul 2018 10:59:03 GMT" time="0.094" errors="0">
  <testcase name="charToAsciiTest" time="0.013" classname="com.ab.TestNextGeneration.CharAsciiConversionTest"/>
  <testcase name="charToAsciiTest" time="0.002" classname="com.ab.TestNextGeneration.CharAsciiConversionTest"/>
  <testcase name="charToAsciiTest" time="0.0" classname="com.ab.TestNextGeneration.CharAsciiConversionTest"/>
  <testcase name="charToAsciiTest" time="0.0" classname="com.ab.TestNextGeneration.CharAsciiConversionTest"/>
  <testcase name="charToAsciiTest" time="0.0" classname="com.ab.TestNextGeneration.CharAsciiConversionTest"/>
  <testcase name="charToAsciiTest" time="0.0" classname="com.ab.TestNextGeneration.CharAsciiConversionTest"/>
  <testcase name="charToAsciiTest" time="0.0" classname="com.ab.TestNextGeneration.CharAsciiConversionTest"/>
  <testcase name="charToAsciiTest" time="0.0" classname="com.ab.TestNextGeneration.CharAsciiConversionTest"/>
  <testcase name="charToAsciiTest" time="0.0" classname="com.ab.TestNextGeneration.CharAsciiConversionTest"/>
  <testcase name="charToAsciiTest" time="0.0" classname="com.ab.TestNextGeneration.CharAsciiConversionTest"/>
  <testcase name="charToAsciiTest" time="0.0" classname="com.ab.TestNextGeneration.CharAsciiConversionTest"/>
  <testcase name="charToAsciiTest" time="0.016" classname="com.ab.TestNextGeneration.CharAsciiConversionTest"/>
  <testcase name="asciiToCharTest" time="0.0" classname="com.ab.TestNextGeneration.CharAsciiConversionTest">
    <ignored/>
  </testcase> <!-- asciiToCharTest -->
</testsuite> <!-- GRP-char2ascii -->
